<?xml version="1.0" encoding="UTF-8"?>
<!-- Generated by org.testng.reporters.JUnitXMLReporter -->
<testsuite ignored="0" hostname="DESKTOP-DNPUUSR" failures="0" tests="11" name="UserTest" time="16.6" errors="0" timestamp="2025-06-04T18:57:53 IST">
  <testcase classname="api.tests.userTest.CreateUserTests" name="TC001" time="4.411"/>
  <testcase classname="api.tests.userTest.CreateUserTests" name="TC002" time="1.181"/>
  <testcase classname="api.tests.userTest.GetUserTests" name="TC003" time="1.415"/>
  <testcase classname="api.tests.userTest.GetUserTests" name="TC004" time="1.187"/>
  <testcase classname="api.tests.userTest.GetUserTests" name="TC005" time="1.103"/>
  <testcase classname="api.tests.userTest.UpdateUserTests" name="TC006" time="1.13"/>
  <testcase classname="api.tests.userTest.UpdateUserTests" name="TC007" time="1.124"/>
  <testcase classname="api.tests.userTest.UpdateUserTests" name="TC008" time="1.126"/>
  <testcase classname="api.tests.userTest.DeleteUserTests" name="TC009" time="1.291"/>
  <testcase classname="api.tests.userTest.DeleteUserTests" name="TC010" time="1.147"/>
  <testcase classname="api.tests.userTest.DeleteUserTests" name="TC011" time="1.088"/>
</testsuite> <!-- UserTest -->
