<?xml version="1.0" encoding="UTF-8"?>
<!-- Generated by org.testng.reporters.JUnitXMLReporter -->
<testsuite ignored="0" hostname="DESKTOP-DNPUUSR" failures="0" tests="6" name="Default test" time="10.922" errors="0" timestamp="2025-06-05T23:00:41 IST">
  <testcase classname="api.tests.userTest.DDTests" name="createUser" time="3.382"/>
  <testcase classname="api.tests.userTest.DDTests" name="createUser" time="1.154"/>
  <testcase classname="api.tests.userTest.DDTests" name="createUser" time="1.103"/>
  <testcase classname="api.tests.userTest.DDTests" name="deleteUser" time="1.191"/>
  <testcase classname="api.tests.userTest.DDTests" name="deleteUser" time="1.231"/>
  <testcase classname="api.tests.userTest.DDTests" name="deleteUser" time="1.156"/>
</testsuite> <!-- Default test -->
