<?xml version="1.0" encoding="UTF-8"?>
<!-- Generated by org.testng.reporters.JUnitXMLReporter -->
<testsuite ignored="0" hostname="DESKTOP-DNPUUSR" failures="0" tests="11" name="UserTest" time="17.83" errors="0" timestamp="2025-06-08T23:13:09 IST">
  <testcase classname="api.tests.userTest.CreateUserTests" name="TC001" time="4.818"/>
  <testcase classname="api.tests.userTest.CreateUserTests" name="TC002" time="1.23"/>
  <testcase classname="api.tests.userTest.GetUserTests" name="TC003" time="1.536"/>
  <testcase classname="api.tests.userTest.GetUserTests" name="TC004" time="1.142"/>
  <testcase classname="api.tests.userTest.GetUserTests" name="TC005" time="1.149"/>
  <testcase classname="api.tests.userTest.UpdateUserTests" name="TC006" time="1.201"/>
  <testcase classname="api.tests.userTest.UpdateUserTests" name="TC007" time="1.139"/>
  <testcase classname="api.tests.userTest.UpdateUserTests" name="TC008" time="1.122"/>
  <testcase classname="api.tests.userTest.DeleteUserTests" name="TC009" time="1.212"/>
  <testcase classname="api.tests.userTest.DeleteUserTests" name="TC010" time="1.34"/>
  <testcase classname="api.tests.userTest.DeleteUserTests" name="TC011" time="1.322"/>
</testsuite> <!-- UserTest -->
