<?xml version="1.0" encoding="UTF-8"?>
<!-- Generated by org.testng.reporters.JUnitXMLReporter -->
<testsuite ignored="0" hostname="DESKTOP-DNPUUSR" failures="0" tests="11" name="UserTest" time="20.084" errors="0" timestamp="2025-06-06T23:22:31 IST">
  <testcase classname="api.tests.userTest.CreateUserTests" name="TC001" time="6.518"/>
  <testcase classname="api.tests.userTest.CreateUserTests" name="TC002" time="1.633"/>
  <testcase classname="api.tests.userTest.GetUserTests" name="TC003" time="1.576"/>
  <testcase classname="api.tests.userTest.GetUserTests" name="TC004" time="1.188"/>
  <testcase classname="api.tests.userTest.GetUserTests" name="TC005" time="1.19"/>
  <testcase classname="api.tests.userTest.UpdateUserTests" name="TC006" time="1.207"/>
  <testcase classname="api.tests.userTest.UpdateUserTests" name="TC007" time="1.223"/>
  <testcase classname="api.tests.userTest.UpdateUserTests" name="TC008" time="1.181"/>
  <testcase classname="api.tests.userTest.DeleteUserTests" name="TC009" time="1.16"/>
  <testcase classname="api.tests.userTest.DeleteUserTests" name="TC010" time="1.26"/>
  <testcase classname="api.tests.userTest.DeleteUserTests" name="TC011" time="1.195"/>
</testsuite> <!-- UserTest -->
