<?xml version="1.0" encoding="UTF-8"?>
<testng-results ignored="0" total="11" passed="11" failed="0" skipped="0">
  <reporter-output>
  </reporter-output>
  <suite started-at="2025-06-08T23:12:51 IST" name="UserTestSuite" finished-at="2025-06-08T23:13:08 IST" duration-ms="17830">
    <groups>
    </groups>
    <test started-at="2025-06-08T23:12:51 IST" name="UserTest" finished-at="2025-06-08T23:13:08 IST" duration-ms="17830">
      <class name="api.tests.userTest.UpdateUserTests">
        <test-method is-config="true" signature="updateSetup(org.testng.ITestContext)[pri:0, instance:api.tests.userTest.UpdateUserTests@16fdec90]" started-at="2025-06-08T23:13:01 IST" name="updateSetup" finished-at="2025-06-08T23:13:01 IST" duration-ms="26" status="PASS">
          <params>
            <param index="0">
              <value>
                <![CDATA[org.testng.TestRunner@22825e1e]]>
              </value>
            </param>
          </params>
          <reporter-output>
          </reporter-output>
        </test-method> <!-- updateSetup -->
        <test-method signature="TC006()[pri:6, instance:api.tests.userTest.UpdateUserTests@16fdec90]" started-at="2025-06-08T23:13:01 IST" name="TC006" finished-at="2025-06-08T23:13:02 IST" duration-ms="1201" status="PASS">
          <reporter-output>
          </reporter-output>
        </test-method> <!-- TC006 -->
        <test-method signature="TC007()[pri:7, instance:api.tests.userTest.UpdateUserTests@16fdec90]" started-at="2025-06-08T23:13:02 IST" name="TC007" finished-at="2025-06-08T23:13:03 IST" duration-ms="1139" status="PASS">
          <reporter-output>
          </reporter-output>
        </test-method> <!-- TC007 -->
        <test-method signature="TC008()[pri:8, instance:api.tests.userTest.UpdateUserTests@16fdec90]" started-at="2025-06-08T23:13:03 IST" name="TC008" finished-at="2025-06-08T23:13:05 IST" duration-ms="1122" status="PASS">
          <reporter-output>
          </reporter-output>
        </test-method> <!-- TC008 -->
      </class> <!-- api.tests.userTest.UpdateUserTests -->
      <class name="api.tests.userTest.CreateUserTests">
        <test-method is-config="true" signature="setup(org.testng.ITestContext)[pri:0, instance:api.tests.userTest.CreateUserTests@531f4093]" started-at="2025-06-08T23:12:51 IST" name="setup" finished-at="2025-06-08T23:12:51 IST" duration-ms="246" status="PASS">
          <params>
            <param index="0">
              <value>
                <![CDATA[org.testng.TestRunner@22825e1e]]>
              </value>
            </param>
          </params>
          <reporter-output>
          </reporter-output>
        </test-method> <!-- setup -->
        <test-method signature="TC001(org.testng.ITestContext)[pri:1, instance:api.tests.userTest.CreateUserTests@531f4093]" started-at="2025-06-08T23:12:51 IST" name="TC001" finished-at="2025-06-08T23:12:56 IST" duration-ms="4818" status="PASS">
          <params>
            <param index="0">
              <value>
                <![CDATA[org.testng.TestRunner@22825e1e]]>
              </value>
            </param>
          </params>
          <reporter-output>
          </reporter-output>
        </test-method> <!-- TC001 -->
        <test-method signature="TC002()[pri:2, instance:api.tests.userTest.CreateUserTests@531f4093]" started-at="2025-06-08T23:12:56 IST" name="TC002" finished-at="2025-06-08T23:12:57 IST" duration-ms="1230" status="PASS">
          <reporter-output>
          </reporter-output>
        </test-method> <!-- TC002 -->
      </class> <!-- api.tests.userTest.CreateUserTests -->
      <class name="api.tests.userTest.GetUserTests">
        <test-method signature="TC003(org.testng.ITestContext)[pri:3, instance:api.tests.userTest.GetUserTests@25aca718]" started-at="2025-06-08T23:12:57 IST" name="TC003" finished-at="2025-06-08T23:12:59 IST" duration-ms="1536" status="PASS">
          <params>
            <param index="0">
              <value>
                <![CDATA[org.testng.TestRunner@22825e1e]]>
              </value>
            </param>
          </params>
          <reporter-output>
          </reporter-output>
        </test-method> <!-- TC003 -->
        <test-method signature="TC004()[pri:4, instance:api.tests.userTest.GetUserTests@25aca718]" started-at="2025-06-08T23:12:59 IST" name="TC004" finished-at="2025-06-08T23:13:00 IST" duration-ms="1142" status="PASS">
          <reporter-output>
          </reporter-output>
        </test-method> <!-- TC004 -->
        <test-method signature="TC005()[pri:5, instance:api.tests.userTest.GetUserTests@25aca718]" started-at="2025-06-08T23:13:00 IST" name="TC005" finished-at="2025-06-08T23:13:01 IST" duration-ms="1149" status="PASS">
          <reporter-output>
          </reporter-output>
        </test-method> <!-- TC005 -->
      </class> <!-- api.tests.userTest.GetUserTests -->
      <class name="api.tests.userTest.DeleteUserTests">
        <test-method signature="TC009(org.testng.ITestContext)[pri:9, instance:api.tests.userTest.DeleteUserTests@1afdd473]" started-at="2025-06-08T23:13:05 IST" name="TC009" finished-at="2025-06-08T23:13:06 IST" duration-ms="1212" status="PASS">
          <params>
            <param index="0">
              <value>
                <![CDATA[org.testng.TestRunner@22825e1e]]>
              </value>
            </param>
          </params>
          <reporter-output>
          </reporter-output>
        </test-method> <!-- TC009 -->
        <test-method signature="TC010()[pri:10, instance:api.tests.userTest.DeleteUserTests@1afdd473]" started-at="2025-06-08T23:13:06 IST" name="TC010" finished-at="2025-06-08T23:13:07 IST" duration-ms="1340" status="PASS">
          <reporter-output>
          </reporter-output>
        </test-method> <!-- TC010 -->
        <test-method signature="TC011()[pri:11, instance:api.tests.userTest.DeleteUserTests@1afdd473]" started-at="2025-06-08T23:13:07 IST" name="TC011" finished-at="2025-06-08T23:13:08 IST" duration-ms="1322" status="PASS">
          <reporter-output>
          </reporter-output>
        </test-method> <!-- TC011 -->
      </class> <!-- api.tests.userTest.DeleteUserTests -->
    </test> <!-- UserTest -->
  </suite> <!-- UserTestSuite -->
</testng-results>
