<?xml version="1.0" encoding="UTF-8"?>
<testng-results ignored="0" total="11" passed="11" failed="0" skipped="0">
  <reporter-output>
  </reporter-output>
  <suite started-at="2025-06-06T23:22:10 IST" name="UserTestSuite" finished-at="2025-06-06T23:22:30 IST" duration-ms="20084">
    <groups>
    </groups>
    <test started-at="2025-06-06T23:22:10 IST" name="UserTest" finished-at="2025-06-06T23:22:30 IST" duration-ms="20084">
      <class name="api.tests.userTest.UpdateUserTests">
        <test-method is-config="true" signature="updateSetup(org.testng.ITestContext)[pri:0, instance:api.tests.userTest.UpdateUserTests@16fdec90]" started-at="2025-06-06T23:22:23 IST" name="updateSetup" finished-at="2025-06-06T23:22:23 IST" duration-ms="34" status="PASS">
          <params>
            <param index="0">
              <value>
                <![CDATA[org.testng.TestRunner@22825e1e]]>
              </value>
            </param>
          </params>
          <reporter-output>
          </reporter-output>
        </test-method> <!-- updateSetup -->
        <test-method signature="TC006()[pri:6, instance:api.tests.userTest.UpdateUserTests@16fdec90]" started-at="2025-06-06T23:22:23 IST" name="TC006" finished-at="2025-06-06T23:22:24 IST" duration-ms="1207" status="PASS">
          <reporter-output>
          </reporter-output>
        </test-method> <!-- TC006 -->
        <test-method signature="TC007()[pri:7, instance:api.tests.userTest.UpdateUserTests@16fdec90]" started-at="2025-06-06T23:22:24 IST" name="TC007" finished-at="2025-06-06T23:22:26 IST" duration-ms="1223" status="PASS">
          <reporter-output>
          </reporter-output>
        </test-method> <!-- TC007 -->
        <test-method signature="TC008()[pri:8, instance:api.tests.userTest.UpdateUserTests@16fdec90]" started-at="2025-06-06T23:22:26 IST" name="TC008" finished-at="2025-06-06T23:22:27 IST" duration-ms="1181" status="PASS">
          <reporter-output>
          </reporter-output>
        </test-method> <!-- TC008 -->
      </class> <!-- api.tests.userTest.UpdateUserTests -->
      <class name="api.tests.userTest.CreateUserTests">
        <test-method is-config="true" signature="setup(org.testng.ITestContext)[pri:0, instance:api.tests.userTest.CreateUserTests@531f4093]" started-at="2025-06-06T23:22:11 IST" name="setup" finished-at="2025-06-06T23:22:11 IST" duration-ms="325" status="PASS">
          <params>
            <param index="0">
              <value>
                <![CDATA[org.testng.TestRunner@22825e1e]]>
              </value>
            </param>
          </params>
          <reporter-output>
          </reporter-output>
        </test-method> <!-- setup -->
        <test-method signature="TC001(org.testng.ITestContext)[pri:1, instance:api.tests.userTest.CreateUserTests@531f4093]" started-at="2025-06-06T23:22:11 IST" name="TC001" finished-at="2025-06-06T23:22:18 IST" duration-ms="6518" status="PASS">
          <params>
            <param index="0">
              <value>
                <![CDATA[org.testng.TestRunner@22825e1e]]>
              </value>
            </param>
          </params>
          <reporter-output>
          </reporter-output>
        </test-method> <!-- TC001 -->
        <test-method signature="TC002()[pri:2, instance:api.tests.userTest.CreateUserTests@531f4093]" started-at="2025-06-06T23:22:18 IST" name="TC002" finished-at="2025-06-06T23:22:19 IST" duration-ms="1633" status="PASS">
          <reporter-output>
          </reporter-output>
        </test-method> <!-- TC002 -->
      </class> <!-- api.tests.userTest.CreateUserTests -->
      <class name="api.tests.userTest.GetUserTests">
        <test-method signature="TC003(org.testng.ITestContext)[pri:3, instance:api.tests.userTest.GetUserTests@25aca718]" started-at="2025-06-06T23:22:19 IST" name="TC003" finished-at="2025-06-06T23:22:21 IST" duration-ms="1576" status="PASS">
          <params>
            <param index="0">
              <value>
                <![CDATA[org.testng.TestRunner@22825e1e]]>
              </value>
            </param>
          </params>
          <reporter-output>
          </reporter-output>
        </test-method> <!-- TC003 -->
        <test-method signature="TC004()[pri:4, instance:api.tests.userTest.GetUserTests@25aca718]" started-at="2025-06-06T23:22:21 IST" name="TC004" finished-at="2025-06-06T23:22:22 IST" duration-ms="1188" status="PASS">
          <reporter-output>
          </reporter-output>
        </test-method> <!-- TC004 -->
        <test-method signature="TC005()[pri:5, instance:api.tests.userTest.GetUserTests@25aca718]" started-at="2025-06-06T23:22:22 IST" name="TC005" finished-at="2025-06-06T23:22:23 IST" duration-ms="1190" status="PASS">
          <reporter-output>
          </reporter-output>
        </test-method> <!-- TC005 -->
      </class> <!-- api.tests.userTest.GetUserTests -->
      <class name="api.tests.userTest.DeleteUserTests">
        <test-method signature="TC009(org.testng.ITestContext)[pri:9, instance:api.tests.userTest.DeleteUserTests@1afdd473]" started-at="2025-06-06T23:22:27 IST" name="TC009" finished-at="2025-06-06T23:22:28 IST" duration-ms="1160" status="PASS">
          <params>
            <param index="0">
              <value>
                <![CDATA[org.testng.TestRunner@22825e1e]]>
              </value>
            </param>
          </params>
          <reporter-output>
          </reporter-output>
        </test-method> <!-- TC009 -->
        <test-method signature="TC010()[pri:10, instance:api.tests.userTest.DeleteUserTests@1afdd473]" started-at="2025-06-06T23:22:28 IST" name="TC010" finished-at="2025-06-06T23:22:29 IST" duration-ms="1260" status="PASS">
          <reporter-output>
          </reporter-output>
        </test-method> <!-- TC010 -->
        <test-method signature="TC011()[pri:11, instance:api.tests.userTest.DeleteUserTests@1afdd473]" started-at="2025-06-06T23:22:29 IST" name="TC011" finished-at="2025-06-06T23:22:30 IST" duration-ms="1195" status="PASS">
          <reporter-output>
          </reporter-output>
        </test-method> <!-- TC011 -->
      </class> <!-- api.tests.userTest.DeleteUserTests -->
    </test> <!-- UserTest -->
  </suite> <!-- UserTestSuite -->
</testng-results>
