<?xml version="1.0" encoding="UTF-8"?>
<testsuite xmlns:xsi="http://www.w3.org/2001/XMLSchema-instance" xsi:noNamespaceSchemaLocation="https://maven.apache.org/surefire/maven-surefire-plugin/xsd/surefire-test-report.xsd" version="3.0.2" name="TestSuite" time="19.58" tests="11" errors="0" skipped="0" failures="0">
  <properties>
[...]
</properties>
  <testcase name="TC001[org.testng.TestRunner@22825e1e](1)" classname="api.tests.userTest.CreateUserTests" time="4.839">
    <system-out><![CDATA[HTTP/1.1 200 OK
Date: Sun, 08 Jun 2025 17:40:04 GMT
Content-Type: application/json
Transfer-Encoding: chunked
Connection: keep-alive
Access-Control-Allow-Origin: *
Access-Control-Allow-Methods: GET, POST, DELETE, PUT
Access-Control-Allow-Headers: Content-Type, api_key, Authorization
Server: Jetty(9.2.9.v20150224)

{
    "code": 200,
    "type": "unknown",
    "message": "619929778"
}
]]></system-out>
  </testcase>
  <testcase name="TC002" classname="api.tests.userTest.CreateUserTests" time="1.219"/>
  <testcase name="TC003[org.testng.TestRunner@22825e1e](1)" classname="api.tests.userTest.GetUserTests" time="1.536">
    <system-out><![CDATA[HTTP/1.1 200 OK
Date: Sun, 08 Jun 2025 17:40:07 GMT
Content-Type: application/json
Transfer-Encoding: chunked
Connection: keep-alive
Access-Control-Allow-Origin: *
Access-Control-Allow-Methods: GET, POST, DELETE, PUT
Access-Control-Allow-Headers: Content-Type, api_key, Authorization
Server: Jetty(9.2.9.v20150224)

{
    "id": 619929778,
    "username": "sade.monahan",
    "firstName": "Marianna",
    "lastName": "Weimann",
    "email": "dion.von@example.com",
    "password": "54d6wildn7",
    "phone": "(777) 324-2513",
    "userStatus": 0
}
]]></system-out>
  </testcase>
  <testcase name="TC004" classname="api.tests.userTest.GetUserTests" time="1.142"/>
  <testcase name="TC005" classname="api.tests.userTest.GetUserTests" time="1.149"/>
  <testcase name="TC006" classname="api.tests.userTest.UpdateUserTests" time="1.21">
    <system-out><![CDATA[{
    "code": 200,
    "type": "unknown",
    "message": "470399866"
}
HTTP/1.1 200 OK
Date: Sun, 08 Jun 2025 17:40:11 GMT
Content-Type: application/json
Transfer-Encoding: chunked
Connection: keep-alive
Access-Control-Allow-Origin: *
Access-Control-Allow-Methods: GET, POST, DELETE, PUT
Access-Control-Allow-Headers: Content-Type, api_key, Authorization
Server: Jetty(9.2.9.v20150224)

{
    "code": 200,
    "type": "unknown",
    "message": "470399866"
}
]]></system-out>
  </testcase>
  <testcase name="TC007" classname="api.tests.userTest.UpdateUserTests" time="1.133"/>
  <testcase name="TC008" classname="api.tests.userTest.UpdateUserTests" time="1.123"/>
  <testcase name="TC009[org.testng.TestRunner@22825e1e](1)" classname="api.tests.userTest.DeleteUserTests" time="1.218">
    <system-out><![CDATA[HTTP/1.1 200 OK
Date: Sun, 08 Jun 2025 17:40:15 GMT
Content-Type: application/json
Transfer-Encoding: chunked
Connection: keep-alive
Access-Control-Allow-Origin: *
Access-Control-Allow-Methods: GET, POST, DELETE, PUT
Access-Control-Allow-Headers: Content-Type, api_key, Authorization
Server: Jetty(9.2.9.v20150224)

{
    "code": 200,
    "type": "unknown",
    "message": "sade.monahan"
}
]]></system-out>
  </testcase>
  <testcase name="TC010" classname="api.tests.userTest.DeleteUserTests" time="1.335"/>
  <testcase name="TC011" classname="api.tests.userTest.DeleteUserTests" time="1.323"/>
</testsuite>